


ARM Macro Assembler    Page 1 


    1 00000000                 AREA             reset, DATA, READONLY
    2 00000000                 EXPORT           __Vectors
    3 00000000         __Vectors
    4 00000000 10001000        DCD              0x10001000
    5 00000004 00000000        DCD              Reset_Handler
    6 00000008                 ALIGN
    7 00000008                 AREA             myCode, CODE, READONLY
    8 00000000                 EXPORT           Reset_Handler
    9 00000000                 ENTRY
   10 00000000         Reset_Handler
   11 00000000 4814            LDR              R0, =SRC    ;
   12 00000002 4915            LDR              R1, =DST    ;
   13 00000004 F04F 030A       MOV              R3, #10     ;
   14 00000008         LOOP
   15 00000008 F850 4B04       LDR              R4, [R0], #4 ;
   16 0000000C F841 4B04       STR              R4, [R1], #4 ;
   17 00000010 3B01            SUBS             R3, #1      ;
   18 00000012 D1F9            BNE              LOOP
   19 00000014 4911            LDR              R1, =(DST+((N-1)*4)) ;
   20 00000016 4E12            LDR              R6, =(DST+(N-1+SH)*4) ;
   21 00000018 F04F 050A       MOV              R5, #N      ;
   22 0000001C         LOOP1
   23 0000001C F851 4904       LDR              R4, [R1], #-4 ;
   24 00000020 F846 4904       STR              R4, [R6], #-4 ;
   25 00000024 3D01            SUBS             R5, #1      ;
   26 00000026 D1F9            BNE              LOOP1       ;
   27 00000028         STOP
   28 00000028 E7FE            B                STOP
   29 0000002A         
   30 0000002A 0000000A 
                       N       EQU              10
   31 0000002A 00000002 
                       SH      EQU              2
   32 0000002A 00 00 00000001 
              00000002 
              00000003 
              00000004 
              00000005 
              00000006 
              00000007 
              00000008 
              00000009 
              0000000A SRC     DCD              1,2,3,4,5,6,7,8,9,10
   33 00000054 00000000 
              00000000 
              00000024 
              0000002C         AREA             dataseg, DATA, READWRITE
   34 00000000 00000000 
                       DST     DCD              0
   35 00000004                 END
Command Line: --debug --xref --cpu=Cortex-M3 --apcs=interwork --depend=lab01_1b
.d -olab01_1b.o -IC:\Keil\ARM\RV31\INC -IC:\Keil\ARM\CMSIS\Include -IC:\Keil\AR
M\Inc\NXP\LPC17xx --predefine="__EVAL SETA 1" --list=lab01_1b.lst lab01_1b.s



ARM Macro Assembler    Page 1 Alphabetic symbol ordering
Relocatable symbols

__Vectors 00000000

Symbol: __Vectors
   Definitions
      At line 3 in file lab01_1b.s
   Uses
      At line 2 in file lab01_1b.s
Comment: __Vectors used once
reset 00000000

Symbol: reset
   Definitions
      At line 1 in file lab01_1b.s
   Uses
      None
Comment: reset unused
2 symbols



ARM Macro Assembler    Page 1 Alphabetic symbol ordering
Relocatable symbols

LOOP 00000008

Symbol: LOOP
   Definitions
      At line 14 in file lab01_1b.s
   Uses
      At line 18 in file lab01_1b.s
Comment: LOOP used once
LOOP1 0000001C

Symbol: LOOP1
   Definitions
      At line 22 in file lab01_1b.s
   Uses
      At line 26 in file lab01_1b.s
Comment: LOOP1 used once
Reset_Handler 00000000

Symbol: Reset_Handler
   Definitions
      At line 10 in file lab01_1b.s
   Uses
      At line 5 in file lab01_1b.s
      At line 8 in file lab01_1b.s

SRC 0000002C

Symbol: SRC
   Definitions
      At line 32 in file lab01_1b.s
   Uses
      At line 11 in file lab01_1b.s
Comment: SRC used once
STOP 00000028

Symbol: STOP
   Definitions
      At line 27 in file lab01_1b.s
   Uses
      At line 28 in file lab01_1b.s
Comment: STOP used once
myCode 00000000

Symbol: myCode
   Definitions
      At line 7 in file lab01_1b.s
   Uses
      None
Comment: myCode unused
6 symbols



ARM Macro Assembler    Page 1 Alphabetic symbol ordering
Relocatable symbols

DST 00000000

Symbol: DST
   Definitions
      At line 34 in file lab01_1b.s
   Uses
      At line 12 in file lab01_1b.s
      At line 19 in file lab01_1b.s
      At line 20 in file lab01_1b.s

dataseg 00000000

Symbol: dataseg
   Definitions
      At line 33 in file lab01_1b.s
   Uses
      None
Comment: dataseg unused
2 symbols



ARM Macro Assembler    Page 1 Alphabetic symbol ordering
Absolute symbols

N 0000000A

Symbol: N
   Definitions
      At line 30 in file lab01_1b.s
   Uses
      At line 19 in file lab01_1b.s
      At line 20 in file lab01_1b.s
      At line 21 in file lab01_1b.s

SH 00000002

Symbol: SH
   Definitions
      At line 31 in file lab01_1b.s
   Uses
      At line 20 in file lab01_1b.s
Comment: SH used once
2 symbols
345 symbols in table
