


ARM Macro Assembler    Page 1 


    1 00000000                 AREA             reset, DATA, READONLY
    2 00000000                 EXPORT           __Vectors
    3 00000000         __Vectors
    4 00000000 10001000        DCD              0x10001000
    5 00000004 00000000        DCD              Reset_Handler
    6 00000008                 ALIGN
    7 00000008                 AREA             myCode, CODE, READONLY
    8 00000000                 EXPORT           Reset_Handler
    9 00000000                 ENTRY
   10 00000000         Reset_Handler
   11 00000000 4818            LDR              R0, =SRC    ;
   12 00000002 4919            LDR              R1, =DST    ;
   13 00000004 F04F 030A       MOV              R3, #10     ;
   14 00000008         LOOP
   15 00000008 F850 4B04       LDR              R4, [R0], #4 ;
   16 0000000C F841 4B04       STR              R4, [R1], #4 ;
   17 00000010 F1A3 0301       SUB              R3, #1      ;
   18 00000014 F093 0F00       TEQ              R3, #0      ;
   19 00000018 D1F6            BNE              LOOP
   20 0000001A F04F 0305       MOV              R3, #5      ;
   21 0000001E 4812            LDR              R0, =DST    ;
   22 00000020 4912            LDR              R1, =DST+9*4 ;
   23 00000022         LOOP2
   24 00000022 6805            LDR              R5, [R0]    ;
   25 00000024 680C            LDR              R4, [R1]    ;
   26 00000026 F840 4B04       STR              R4, [R0], #4 ;
   27 0000002A F841 5904       STR              R5, [R1], #-4 ;
   28 0000002E F1A3 0301       SUB              R3, #1      ;
   29 00000032 F093 0F00       TEQ              R3, #0      ;
   30 00000036 D1F4            BNE              LOOP2
   31 00000038         STOP
   32 00000038 E7FE            B                STOP
   33 0000003A         
   34 0000003A         
   35 0000003A 0000000A 
                       N       EQU              10          ;
   36 0000003A 00 00 00000001 
              00000002 
              00000003 
              00000004 
              00000005 
              00000006 
              00000007 
              00000008 
              00000009 
              0000000A SRC     DCD              1,2,3,4,5,6,7,8,9,10 ;
   37 00000064 00000000 
              00000000 
              00000024 
              00000000         AREA             dataseg, DATA, READWRITE
   38 00000000 00000000 
                       DST     DCD              0
   39 00000004                 END
Command Line: --debug --xref --cpu=Cortex-M3 --apcs=interwork --depend=lab01_2.
d -olab01_2.o -IC:\Keil\ARM\RV31\INC -IC:\Keil\ARM\CMSIS\Include -IC:\Keil\ARM\
Inc\NXP\LPC17xx --predefine="__EVAL SETA 1" --list=lab01_2.lst lab01_2.s



ARM Macro Assembler    Page 1 Alphabetic symbol ordering
Relocatable symbols

__Vectors 00000000

Symbol: __Vectors
   Definitions
      At line 3 in file lab01_2.s
   Uses
      At line 2 in file lab01_2.s
Comment: __Vectors used once
reset 00000000

Symbol: reset
   Definitions
      At line 1 in file lab01_2.s
   Uses
      None
Comment: reset unused
2 symbols



ARM Macro Assembler    Page 1 Alphabetic symbol ordering
Relocatable symbols

LOOP 00000008

Symbol: LOOP
   Definitions
      At line 14 in file lab01_2.s
   Uses
      At line 19 in file lab01_2.s
Comment: LOOP used once
LOOP2 00000022

Symbol: LOOP2
   Definitions
      At line 23 in file lab01_2.s
   Uses
      At line 30 in file lab01_2.s
Comment: LOOP2 used once
Reset_Handler 00000000

Symbol: Reset_Handler
   Definitions
      At line 10 in file lab01_2.s
   Uses
      At line 5 in file lab01_2.s
      At line 8 in file lab01_2.s

SRC 0000003C

Symbol: SRC
   Definitions
      At line 36 in file lab01_2.s
   Uses
      At line 11 in file lab01_2.s
Comment: SRC used once
STOP 00000038

Symbol: STOP
   Definitions
      At line 31 in file lab01_2.s
   Uses
      At line 32 in file lab01_2.s
Comment: STOP used once
myCode 00000000

Symbol: myCode
   Definitions
      At line 7 in file lab01_2.s
   Uses
      None
Comment: myCode unused
6 symbols



ARM Macro Assembler    Page 1 Alphabetic symbol ordering
Relocatable symbols

DST 00000000

Symbol: DST
   Definitions
      At line 38 in file lab01_2.s
   Uses
      At line 12 in file lab01_2.s
      At line 21 in file lab01_2.s
      At line 22 in file lab01_2.s

dataseg 00000000

Symbol: dataseg
   Definitions
      At line 37 in file lab01_2.s
   Uses
      None
Comment: dataseg unused
2 symbols



ARM Macro Assembler    Page 1 Alphabetic symbol ordering
Absolute symbols

N 0000000A

Symbol: N
   Definitions
      At line 35 in file lab01_2.s
   Uses
      None
Comment: N unused
1 symbol
344 symbols in table
