


ARM Macro Assembler    Page 1 


    1 00000000                 AREA             reset, DATA, READONLY
    2 00000000                 EXPORT           __Vectors
    3 00000000         __Vectors
    4 00000000 10001000        DCD              0x10001000
    5 00000004 00000000        DCD              Reset_Handler
    6 00000008                 ALIGN
    7 00000008                 AREA             myCode, CODE, READONLY
    8 00000000                 EXPORT           Reset_Handler
    9 00000000                 ENTRY
   10 00000000         Reset_Handler
   11 00000000 4812            LDR              R0, =SRC    ;
   12 00000002 4913            LDR              R1, =DST    ;
   13 00000004 F04F 0500       LDR              R5, =0      ;
   14 00000008 F04F 030A       MOV              R3, #N      ;
   15 0000000C         LOOP
   16 0000000C F850 AB04       LDR              R10, [R0], #4 ;
   17 00000010 4455            ADD              R5, R10     ;
   18 00000012 F1A3 0301       SUB              R3, #1      ;
   19 00000016 F093 0F00       TEQ              R3, #0      ;
   20 0000001A D1F7            BNE              LOOP
   21 0000001C F841 5B04       STR              R5, [R1], #4 ;
   22 00000020         STOP
   23 00000020 E7FE            B                STOP
   24 00000022         
   25 00000022 0000000A 
                       N       EQU              10          ;
   26 00000022 00 00 00000001 
              00000002 
              00000003 
              00000004 
              00000005 
              00000006 
              00000007 
              00000008 
              00000009 
              0000000A SRC     DCD              1,2,3,4,5,6,7,8,9,10 ;
   27 0000004C 00000000 
              00000000         AREA             dataseg, DATA, READWRITE
   28 00000000 00000000 
                       DST     DCD              0
   29 00000004                 END
Command Line: --debug --xref --cpu=Cortex-M3 --apcs=interwork --depend=lab2_1.d
 -olab2_1.o -ID:\Keil\ARM\RV31\INC -ID:\Keil\ARM\CMSIS\Include -ID:\Keil\ARM\In
c\NXP\LPC17xx --predefine="__EVAL SETA 1" --list=lab2_1.lst lab2_1.s



ARM Macro Assembler    Page 1 Alphabetic symbol ordering
Relocatable symbols

__Vectors 00000000

Symbol: __Vectors
   Definitions
      At line 3 in file lab2_1.s
   Uses
      At line 2 in file lab2_1.s
Comment: __Vectors used once
reset 00000000

Symbol: reset
   Definitions
      At line 1 in file lab2_1.s
   Uses
      None
Comment: reset unused
2 symbols



ARM Macro Assembler    Page 1 Alphabetic symbol ordering
Relocatable symbols

LOOP 0000000C

Symbol: LOOP
   Definitions
      At line 15 in file lab2_1.s
   Uses
      At line 20 in file lab2_1.s
Comment: LOOP used once
Reset_Handler 00000000

Symbol: Reset_Handler
   Definitions
      At line 10 in file lab2_1.s
   Uses
      At line 5 in file lab2_1.s
      At line 8 in file lab2_1.s

SRC 00000024

Symbol: SRC
   Definitions
      At line 26 in file lab2_1.s
   Uses
      At line 11 in file lab2_1.s
Comment: SRC used once
STOP 00000020

Symbol: STOP
   Definitions
      At line 22 in file lab2_1.s
   Uses
      At line 23 in file lab2_1.s
Comment: STOP used once
myCode 00000000

Symbol: myCode
   Definitions
      At line 7 in file lab2_1.s
   Uses
      None
Comment: myCode unused
5 symbols



ARM Macro Assembler    Page 1 Alphabetic symbol ordering
Relocatable symbols

DST 00000000

Symbol: DST
   Definitions
      At line 28 in file lab2_1.s
   Uses
      At line 12 in file lab2_1.s
Comment: DST used once
dataseg 00000000

Symbol: dataseg
   Definitions
      At line 27 in file lab2_1.s
   Uses
      None
Comment: dataseg unused
2 symbols



ARM Macro Assembler    Page 1 Alphabetic symbol ordering
Absolute symbols

N 0000000A

Symbol: N
   Definitions
      At line 25 in file lab2_1.s
   Uses
      At line 14 in file lab2_1.s
Comment: N used once
1 symbol
343 symbols in table
