


ARM Macro Assembler    Page 1 


    1 00000000                 AREA             RESET, DATA, READONLY
    2 00000000                 EXPORT           __Vectors
    3 00000000         __Vectors
    4 00000000 10001000        DCD              0X10001000
    5 00000004 00000000        DCD              Reset_Handler
    6 00000008                 ALIGN
    7 00000008                 AREA             MYCODE, CODE, READONLY
    8 00000000                 EXPORT           Reset_Handler
    9 00000000                 ENTRY
   10 00000000         Reset_Handler
   11 00000000 4813            LDR              R0, =SRC1   ;
   12 00000002 4914            LDR              R1, =SRC2   ;
   13 00000004 4A14            LDR              R2, =DST    ;
   14 00000006 F04F 0304       MOV              R3, #4      ;
   15 0000000A F04F 0600       MOV              R6, #0      ;
   16 0000000E         UP
   17 0000000E F850 4B04       LDR              R4, [R0], #4 ;
   18 00000012 F851 5B04       LDR              R5, [R1], #4 ;
   19 00000016 416C            ADCS             R4, R5      ;
   20 00000018 F842 4B04       STR              R4, [R2], #4 ;
   21 0000001C F1A3 0301       SUB              R3, #1      ;
   22 00000020 F093 0F00       TEQ              R3, #0      ;
   23 00000024 D1F3            BNE              UP
   24 00000026 F146 0600       ADC              R6, #0      ;
   25 0000002A 6016            STR              R6, [R2]
   26 0000002C         STOP
   27 0000002C E7FE            B                STOP
   28 0000002E 00 00 11223344 
              00000022 
              00000033 
              00000044 SRC1    DCD              0X11223344, 0X22, 0X33, 0X44
   29 00000040 11223344 
              00000022 
              00000033 
              00000044 SRC2    DCD              0X11223344, 0X22, 0X33, 0X44
   30 00000050 00000000 
              00000000 
              00000000         AREA             dataseg, DATA, READWRITE
   31 00000000 00000000 
              00000000 
              00000000 
              00000000 
              00000000 DST     DCD              0,0,0,0,0
   32 00000014                 END
Command Line: --debug --xref --cpu=Cortex-M3 --apcs=interwork --depend=lab2_2.d
 -olab2_2.o -ID:\Keil\ARM\RV31\INC -ID:\Keil\ARM\CMSIS\Include -ID:\Keil\ARM\In
c\NXP\LPC17xx --predefine="__EVAL SETA 1" --list=lab2_2.lst lab2_2.s



ARM Macro Assembler    Page 1 Alphabetic symbol ordering
Relocatable symbols

RESET 00000000

Symbol: RESET
   Definitions
      At line 1 in file lab2_2.s
   Uses
      None
Comment: RESET unused
__Vectors 00000000

Symbol: __Vectors
   Definitions
      At line 3 in file lab2_2.s
   Uses
      At line 2 in file lab2_2.s
Comment: __Vectors used once
2 symbols



ARM Macro Assembler    Page 1 Alphabetic symbol ordering
Relocatable symbols

MYCODE 00000000

Symbol: MYCODE
   Definitions
      At line 7 in file lab2_2.s
   Uses
      None
Comment: MYCODE unused
Reset_Handler 00000000

Symbol: Reset_Handler
   Definitions
      At line 10 in file lab2_2.s
   Uses
      At line 5 in file lab2_2.s
      At line 8 in file lab2_2.s

SRC1 00000030

Symbol: SRC1
   Definitions
      At line 28 in file lab2_2.s
   Uses
      At line 11 in file lab2_2.s
Comment: SRC1 used once
SRC2 00000040

Symbol: SRC2
   Definitions
      At line 29 in file lab2_2.s
   Uses
      At line 12 in file lab2_2.s
Comment: SRC2 used once
STOP 0000002C

Symbol: STOP
   Definitions
      At line 26 in file lab2_2.s
   Uses
      At line 27 in file lab2_2.s
Comment: STOP used once
UP 0000000E

Symbol: UP
   Definitions
      At line 16 in file lab2_2.s
   Uses
      At line 23 in file lab2_2.s
Comment: UP used once
6 symbols



ARM Macro Assembler    Page 1 Alphabetic symbol ordering
Relocatable symbols

DST 00000000

Symbol: DST
   Definitions
      At line 31 in file lab2_2.s
   Uses
      At line 13 in file lab2_2.s
Comment: DST used once
dataseg 00000000

Symbol: dataseg
   Definitions
      At line 30 in file lab2_2.s
   Uses
      None
Comment: dataseg unused
2 symbols
343 symbols in table
