


ARM Macro Assembler    Page 1 


    1 00000000                 AREA             RESET, DATA, READONLY
    2 00000000                 EXPORT           __Vectors
    3 00000000         __Vectors
    4 00000000 10001000        DCD              0X10001000
    5 00000004 00000000        DCD              Reset_Handler
    6 00000008                 ALIGN
    7 00000008                 AREA             MYCODE, CODE, READONLY
    8 00000000                 EXPORT           Reset_Handler
    9 00000000                 ENTRY
   10 00000000         Reset_Handler
   11 00000000 4D0E            LDR              R5, =DST    ;
   12 00000002 F04F 0102       MOV              R1, #N1     ;
   13 00000006 F04F 0203       MOV              R2, #N2     ;
   14 0000000A F04F 0000       MOV              R0, #0      ;
   15 0000000E FB01 F302       MUL              R3, R1, R2  ;
   16 00000012         UP
   17 00000012 4291            CMP              R1, R2      ;
   18 00000014 D008            BEQ              GCD
   19 00000016 D203            BCS              DIV
   20 00000018 460C            MOV              R4, R1      ;
   21 0000001A 4611            MOV              R1, R2      ;
   22 0000001C 4622            MOV              R2, R4      ;
   23 0000001E E7F8            B                UP
   24 00000020         DIV
   25 00000020 1A89            SUBS             R1, R2      ;
   26 00000022 2900            CMP              R1, #0      ;
   27 00000024 D000            BEQ              GCD
   28 00000026 E7F4            B                UP
   29 00000028         GCD
   30 00000028 468A            MOV              R10, R1     ;
   31 0000002A         DIV2
   32 0000002A EBB3 030A       SUBS             R3, R10     ;
   33 0000002E F100 0001       ADD              R0, #1      ;
   34 00000032 2B00            CMP              R3, #0      ;
   35 00000034 6028            STR              R0, [R5]    ;
   36 00000036 D000            BEQ              STOP
   37 00000038 E7F7            B                DIV2
   38 0000003A         STOP
   39 0000003A E7FE            B                STOP
   40 0000003C 00000002 
                       N1      EQU              2
   41 0000003C 00000003 
                       N2      EQU              3
   42 0000003C 00000000        AREA             dataseg, DATA, READWRITE
   43 00000000 00000000 
                       DST     DCD              0
   44 00000004                 END
Command Line: --debug --xref --cpu=Cortex-M3 --apcs=interwork --depend=lab3_3.d
 -olab3_3.o -ID:\Keil\ARM\RV31\INC -ID:\Keil\ARM\CMSIS\Include -ID:\Keil\ARM\In
c\NXP\LPC17xx --predefine="__EVAL SETA 1" --list=lab3_3.lst lab3_3.s



ARM Macro Assembler    Page 1 Alphabetic symbol ordering
Relocatable symbols

RESET 00000000

Symbol: RESET
   Definitions
      At line 1 in file lab3_3.s
   Uses
      None
Comment: RESET unused
__Vectors 00000000

Symbol: __Vectors
   Definitions
      At line 3 in file lab3_3.s
   Uses
      At line 2 in file lab3_3.s
Comment: __Vectors used once
2 symbols



ARM Macro Assembler    Page 1 Alphabetic symbol ordering
Relocatable symbols

DIV 00000020

Symbol: DIV
   Definitions
      At line 24 in file lab3_3.s
   Uses
      At line 19 in file lab3_3.s
Comment: DIV used once
DIV2 0000002A

Symbol: DIV2
   Definitions
      At line 31 in file lab3_3.s
   Uses
      At line 37 in file lab3_3.s
Comment: DIV2 used once
GCD 00000028

Symbol: GCD
   Definitions
      At line 29 in file lab3_3.s
   Uses
      At line 18 in file lab3_3.s
      At line 27 in file lab3_3.s

MYCODE 00000000

Symbol: MYCODE
   Definitions
      At line 7 in file lab3_3.s
   Uses
      None
Comment: MYCODE unused
Reset_Handler 00000000

Symbol: Reset_Handler
   Definitions
      At line 10 in file lab3_3.s
   Uses
      At line 5 in file lab3_3.s
      At line 8 in file lab3_3.s

STOP 0000003A

Symbol: STOP
   Definitions
      At line 38 in file lab3_3.s
   Uses
      At line 36 in file lab3_3.s
      At line 39 in file lab3_3.s

UP 00000012

Symbol: UP
   Definitions
      At line 16 in file lab3_3.s
   Uses
      At line 23 in file lab3_3.s
      At line 28 in file lab3_3.s



ARM Macro Assembler    Page 2 Alphabetic symbol ordering
Relocatable symbols


7 symbols



ARM Macro Assembler    Page 1 Alphabetic symbol ordering
Relocatable symbols

DST 00000000

Symbol: DST
   Definitions
      At line 43 in file lab3_3.s
   Uses
      At line 11 in file lab3_3.s
Comment: DST used once
dataseg 00000000

Symbol: dataseg
   Definitions
      At line 42 in file lab3_3.s
   Uses
      None
Comment: dataseg unused
2 symbols



ARM Macro Assembler    Page 1 Alphabetic symbol ordering
Absolute symbols

N1 00000002

Symbol: N1
   Definitions
      At line 40 in file lab3_3.s
   Uses
      At line 12 in file lab3_3.s
Comment: N1 used once
N2 00000003

Symbol: N2
   Definitions
      At line 41 in file lab3_3.s
   Uses
      At line 13 in file lab3_3.s
Comment: N2 used once
2 symbols
346 symbols in table
