


ARM Macro Assembler    Page 1 


    1 00000000                 AREA             RESET, DATA, READONLY
    2 00000000                 EXPORT           __Vectors
    3 00000000         __Vectors
    4 00000000 10001000        DCD              0X10001000
    5 00000004 00000000        DCD              Reset_Handler
    6 00000008                 ALIGN
    7 00000008                 AREA             MYCODE, CODE, READONLY
    8 00000000                 EXPORT           Reset_Handler
    9 00000000                 ENTRY
   10 00000000         Reset_Handler
   11 00000000 F8DF A020       LDR              R10, =DST   ;
   12 00000004 F04F 0501       MOV              R5, #1      ;
   13 00000008 F04F 0001       MOV              R0, #1      ;
   14 0000000C F04F 030A       MOV              R3, #10     ;
   15 00000010         UP
   16 00000010 F100 0101       ADD              R1, R0, #1  ;
   17 00000014 FB00 1005       MLA              R0, R0, R5, R1 ;
   18 00000018 3B01            SUBS             R3, #1      ;
   19 0000001A D1F9            BNE              UP
   20 0000001C F8CA 0000       STR              R0, [R10]   ;
   21 00000020         STOP
   22 00000020 E7FE            B                STOP
   23 00000022 00 00 00000000  AREA             dataseg, DATA, READWRITE
   24 00000000 00000000 
                       DST     DCD              0
   25 00000004                 END
Command Line: --debug --xref --cpu=Cortex-M3 --apcs=interwork --depend=lab3_1.d
 -olab3_1.o -ID:\Keil\ARM\RV31\INC -ID:\Keil\ARM\CMSIS\Include -ID:\Keil\ARM\In
c\NXP\LPC17xx --predefine="__EVAL SETA 1" --list=lab3_1.lst lab3_1.s



ARM Macro Assembler    Page 1 Alphabetic symbol ordering
Relocatable symbols

RESET 00000000

Symbol: RESET
   Definitions
      At line 1 in file lab3_1.s
   Uses
      None
Comment: RESET unused
__Vectors 00000000

Symbol: __Vectors
   Definitions
      At line 3 in file lab3_1.s
   Uses
      At line 2 in file lab3_1.s
Comment: __Vectors used once
2 symbols



ARM Macro Assembler    Page 1 Alphabetic symbol ordering
Relocatable symbols

MYCODE 00000000

Symbol: MYCODE
   Definitions
      At line 7 in file lab3_1.s
   Uses
      None
Comment: MYCODE unused
Reset_Handler 00000000

Symbol: Reset_Handler
   Definitions
      At line 10 in file lab3_1.s
   Uses
      At line 5 in file lab3_1.s
      At line 8 in file lab3_1.s

STOP 00000020

Symbol: STOP
   Definitions
      At line 21 in file lab3_1.s
   Uses
      At line 22 in file lab3_1.s
Comment: STOP used once
UP 00000010

Symbol: UP
   Definitions
      At line 15 in file lab3_1.s
   Uses
      At line 19 in file lab3_1.s
Comment: UP used once
4 symbols



ARM Macro Assembler    Page 1 Alphabetic symbol ordering
Relocatable symbols

DST 00000000

Symbol: DST
   Definitions
      At line 24 in file lab3_1.s
   Uses
      At line 11 in file lab3_1.s
Comment: DST used once
dataseg 00000000

Symbol: dataseg
   Definitions
      At line 23 in file lab3_1.s
   Uses
      None
Comment: dataseg unused
2 symbols
341 symbols in table
