


ARM Macro Assembler    Page 1 


    1 00000000                 AREA             RESET, DATA, READONLY
    2 00000000                 EXPORT           __Vectors
    3 00000000         __Vectors
    4 00000000 10001000        DCD              0X10001000
    5 00000004 00000000        DCD              Reset_Handler
    6 00000008                 ALIGN
    7 00000008                 AREA             MYCODE, CODE, READONLY
    8 00000000                 ENTRY
    9 00000000                 EXPORT           Reset_Handler
   10 00000000         Reset_Handler
   11 00000000 480B            LDR              R0, =BCD    ;
   12 00000002 6801            LDR              R1, [R0]    ;
   13 00000004 F04F 0200       MOV              R2, #0      ;
   14 00000008 F04F 0301       MOV              R3, #1      ;
   15 0000000C F04F 0A0A       MOV              R10, #0XA   ;
   16 00000010         UP
   17 00000010 2900            CMP              R1, #0      ;
   18 00000012 D008            BEQ              EXIT
   19 00000014 F001 040F       AND              R4, R1, #0XF ;
   20 00000018 FB03 2204       MLA              R2, R3 ,R4, R2 ;
   21 0000001C EA4F 1111       LSR              R1, #0X4    ;
   22 00000020 FB03 F30A       MUL              R3, R10     ;
   23 00000024 E7F4            B                UP
   24 00000026         EXIT
   25 00000026 4803            LDR              R0, =HEX    ;
   26 00000028 6002            STR              R2, [R0]    ;
   27 0000002A         STOP
   28 0000002A E7FE            B                STOP
   29 0000002C 00000010 
                       BCD     DCD              0X10
   30 00000030 00000000 
              00000000         AREA             dataseg, DATA, READWRITE
   31 00000000 00000000 
                       HEX     DCD              0
   32 00000004                 END
Command Line: --debug --xref --cpu=Cortex-M3 --apcs=interwork --depend=lab4_2.d
 -olab4_2.o -ID:\Keil\ARM\RV31\INC -ID:\Keil\ARM\CMSIS\Include -ID:\Keil\ARM\In
c\NXP\LPC17xx --predefine="__EVAL SETA 1" --list=lab4_2.lst lab4_2.s



ARM Macro Assembler    Page 1 Alphabetic symbol ordering
Relocatable symbols

RESET 00000000

Symbol: RESET
   Definitions
      At line 1 in file lab4_2.s
   Uses
      None
Comment: RESET unused
__Vectors 00000000

Symbol: __Vectors
   Definitions
      At line 3 in file lab4_2.s
   Uses
      At line 2 in file lab4_2.s
Comment: __Vectors used once
2 symbols



ARM Macro Assembler    Page 1 Alphabetic symbol ordering
Relocatable symbols

BCD 0000002C

Symbol: BCD
   Definitions
      At line 29 in file lab4_2.s
   Uses
      At line 11 in file lab4_2.s
Comment: BCD used once
EXIT 00000026

Symbol: EXIT
   Definitions
      At line 24 in file lab4_2.s
   Uses
      At line 18 in file lab4_2.s
Comment: EXIT used once
MYCODE 00000000

Symbol: MYCODE
   Definitions
      At line 7 in file lab4_2.s
   Uses
      None
Comment: MYCODE unused
Reset_Handler 00000000

Symbol: Reset_Handler
   Definitions
      At line 10 in file lab4_2.s
   Uses
      At line 5 in file lab4_2.s
      At line 9 in file lab4_2.s

STOP 0000002A

Symbol: STOP
   Definitions
      At line 27 in file lab4_2.s
   Uses
      At line 28 in file lab4_2.s
Comment: STOP used once
UP 00000010

Symbol: UP
   Definitions
      At line 16 in file lab4_2.s
   Uses
      At line 23 in file lab4_2.s
Comment: UP used once
6 symbols



ARM Macro Assembler    Page 1 Alphabetic symbol ordering
Relocatable symbols

HEX 00000000

Symbol: HEX
   Definitions
      At line 31 in file lab4_2.s
   Uses
      At line 25 in file lab4_2.s
Comment: HEX used once
dataseg 00000000

Symbol: dataseg
   Definitions
      At line 30 in file lab4_2.s
   Uses
      None
Comment: dataseg unused
2 symbols
343 symbols in table
