


ARM Macro Assembler    Page 1 


    1 00000000                 AREA             RESET, DATA, READONLY
    2 00000000                 EXPORT           __Vectors
    3 00000000         __Vectors
    4 00000000 10001000        DCD              0X10001000
    5 00000004 00000000        DCD              Reset_Handler
    6 00000008                 AREA             SortArray, CODE, READONLY
    7 00000000                 ENTRY
    8 00000000                 EXPORT           Reset_Handler
    9 00000000         Reset_Handler
   10 00000000 4823            LDR              R0, =SRC    ;
   11 00000002 4924            LDR              R1, =ARR    ;
   12 00000004 F04F 0306       MOV              R3, #N      ;
   13 00000008         LOOP
   14 00000008 F850 4B04       LDR              R4, [R0], #4 ;
   15 0000000C F841 4B04       STR              R4, [R1], #4 ;
   16 00000010 F1A3 0301       SUB              R3, #1      ;
   17 00000014 F093 0F00       TEQ              R3, #0      ;
   18 00000018 D1F6            BNE              LOOP
   19 0000001A 481E            LDR              R0, =ARR    ;
   20 0000001C 491D            LDR              R1, =ARR    ;
   21 0000001E 4F1D            LDR              R7, =ARR    ;
   22 00000020 F8DF 8070       LDR              R8 ,=ARR    ;
   23 00000024 F04F 0506       MOV              R5, #N      ;
   24 00000028 F04F 0C04       MOV              R12, #4     ;
   25 0000002C         OUT_LOOP
   26 0000002C F850 2B04       LDR              R2, [R0], #4 ;
   27 00000030 F1A5 0501       SUB              R5, #1      ;
   28 00000034 F095 0F00       TEQ              R5, #0      ;
   29 00000038 D01C            BEQ              STOP
   30 0000003A F04F 0606       MOV              R6, #N      ;
   31 0000003E F04F 0400       MOV              R4, #0      ;
   32 00000042         IN_LOOP
   33 00000042 F851 3B04       LDR              R3, [R1], #4 ;
   34 00000046 F1A6 0601       SUB              R6, #1      ;
   35 0000004A F096 0F00       TEQ              R6, #0      ;
   36 0000004E D006            BEQ              BEF_OUT
   37 00000050 4293            CMP              R3, R2      ;
   38 00000052 D202            BCS              LESS
   39 00000054 F104 0401       ADD              R4, #1      ;
   40 00000058 E7F3            B                IN_LOOP
   41 0000005A         LESS
   42 0000005A 46A3            MOV              R11, R4     ;
   43 0000005C E7F1            B                IN_LOOP
   44 0000005E         BEF_OUT
   45 0000005E FB0B FB0C       MUL              R11, R12    ;
   46 00000062 F8D7 9000       LDR              R9, [R7]    ;
   47 00000066 F858 A00B       LDR              R10, [R8, R11] ;
   48 0000006A F848 900B       STR              R9, [R8, R11] ;
   49 0000006E F847 AB04       STR              R10, [R7], #4 ;
   50 00000072 E7DB            B                OUT_LOOP
   51 00000074         STOP
   52 00000074 E7FE            B                STOP
   53 00000076 00000006 
                       N       EQU              6
   54 00000076 00 00 00000001 
              00000002 
              00000003 
              0000002D 
              00000006 



ARM Macro Assembler    Page 2 


              0000004E SRC     DCD              1,2,3,45,6,78
   55 00000090 00000000 
              00000000 
              00000000 
              00000000 
              00000000 
              00000000         AREA             DATASEG, DATA, READWRITE
   56 00000000 00000000 
                       ARR     DCD              0
   57 00000004                 END
Command Line: --debug --xref --cpu=Cortex-M3 --apcs=interwork --depend=lab5_1.d
 -olab5_1.o -IC:\Keil\ARM\RV31\INC -IC:\Keil\ARM\CMSIS\Include -IC:\Keil\ARM\In
c\NXP\LPC17xx --predefine="__EVAL SETA 1" --list=lab5_1.lst lab5_1.s



ARM Macro Assembler    Page 1 Alphabetic symbol ordering
Relocatable symbols

RESET 00000000

Symbol: RESET
   Definitions
      At line 1 in file lab5_1.s
   Uses
      None
Comment: RESET unused
__Vectors 00000000

Symbol: __Vectors
   Definitions
      At line 3 in file lab5_1.s
   Uses
      At line 2 in file lab5_1.s
Comment: __Vectors used once
2 symbols



ARM Macro Assembler    Page 1 Alphabetic symbol ordering
Relocatable symbols

BEF_OUT 0000005E

Symbol: BEF_OUT
   Definitions
      At line 44 in file lab5_1.s
   Uses
      At line 36 in file lab5_1.s
Comment: BEF_OUT used once
IN_LOOP 00000042

Symbol: IN_LOOP
   Definitions
      At line 32 in file lab5_1.s
   Uses
      At line 40 in file lab5_1.s
      At line 43 in file lab5_1.s

LESS 0000005A

Symbol: LESS
   Definitions
      At line 41 in file lab5_1.s
   Uses
      At line 38 in file lab5_1.s
Comment: LESS used once
LOOP 00000008

Symbol: LOOP
   Definitions
      At line 13 in file lab5_1.s
   Uses
      At line 18 in file lab5_1.s
Comment: LOOP used once
OUT_LOOP 0000002C

Symbol: OUT_LOOP
   Definitions
      At line 25 in file lab5_1.s
   Uses
      At line 50 in file lab5_1.s
Comment: OUT_LOOP used once
Reset_Handler 00000000

Symbol: Reset_Handler
   Definitions
      At line 9 in file lab5_1.s
   Uses
      At line 5 in file lab5_1.s
      At line 8 in file lab5_1.s

SRC 00000078

Symbol: SRC
   Definitions
      At line 54 in file lab5_1.s
   Uses
      At line 10 in file lab5_1.s
Comment: SRC used once
STOP 00000074



ARM Macro Assembler    Page 2 Alphabetic symbol ordering
Relocatable symbols


Symbol: STOP
   Definitions
      At line 51 in file lab5_1.s
   Uses
      At line 29 in file lab5_1.s
      At line 52 in file lab5_1.s

SortArray 00000000

Symbol: SortArray
   Definitions
      At line 6 in file lab5_1.s
   Uses
      None
Comment: SortArray unused
9 symbols



ARM Macro Assembler    Page 1 Alphabetic symbol ordering
Relocatable symbols

ARR 00000000

Symbol: ARR
   Definitions
      At line 56 in file lab5_1.s
   Uses
      At line 11 in file lab5_1.s
      At line 19 in file lab5_1.s
      At line 20 in file lab5_1.s
      At line 21 in file lab5_1.s
      At line 22 in file lab5_1.s

DATASEG 00000000

Symbol: DATASEG
   Definitions
      At line 55 in file lab5_1.s
   Uses
      None
Comment: DATASEG unused
2 symbols



ARM Macro Assembler    Page 1 Alphabetic symbol ordering
Absolute symbols

N 00000006

Symbol: N
   Definitions
      At line 53 in file lab5_1.s
   Uses
      At line 12 in file lab5_1.s
      At line 23 in file lab5_1.s
      At line 30 in file lab5_1.s

1 symbol
347 symbols in table
