


ARM Macro Assembler    Page 1 


    1 00000000                 AREA             reset, DATA, READONLY
    2 00000000                 EXPORT           __Vectors
    3 00000000         __Vectors
    4 00000000 40001000        DCD              0x40001000
    5 00000004 00000000        DCD              Reset_Handler
    6 00000008                 ALIGN
    7 00000008                 AREA             mycode, CODE, READONLY
    8 00000000                 EXPORT           Reset_Handler
    9 00000000                 ENTRY
   10 00000000         Reset_Handler
   11 00000000 F04F 0400       MOV              R4, #0
   12 00000004 F04F 010A       MOV              R1, #10
   13 00000008         OUTER_LOOP
   14 00000008 4817            LDR              R0, =LIST
   15 0000000A EB00 0084       ADD              R0, R0, R4, LSL #2
   16 0000000E 4605            MOV              R5, R0
   17 00000010 4626            MOV              R6, R4
   18 00000012 6803            LDR              R3, [R0]
   19 00000014         INNER_LOOP
   20 00000014 F100 0204       ADD              R2, R0, #4
   21 00000018 6817            LDR              R7, [R2]
   22 0000001A 429F            CMP              R7, R3
   23 0000001C DA01            BGE              NOT_LESS
   24 0000001E 4615            MOV              R5, R2
   25 00000020 463B            MOV              R3, R7
   26 00000022         NOT_LESS
   27 00000022 1E76            SUBS             R6, R6, #1
   28 00000024 D1F6            BNE              INNER_LOOP
   29 00000026 4811            LDR              R0, =RESULT
   30 00000028 EB00 0084       ADD              R0, R0, R4, LSL #2
   31 0000002C 6802            LDR              R2, [R0]
   32 0000002E 6003            STR              R3, [R0]
   33 00000030 602A            STR              R2, [R5]
   34 00000032 F104 0401       ADD              R4, R4, #1
   35 00000036 1E49            SUBS             R1, R1, #1
   36 00000038 2900            CMP              R1, #0
   37 0000003A D1E5            BNE              OUTER_LOOP
   38 0000003C         STOP
   39 0000003C E7FE            B                STOP
   40 0000003E 00 00 00000010 
              00000005 
              00000033 
              00000024 
              00000056 
              00000077 
              00000021 
              00000004 
              00000087 
              00000001 LIST    DCD              0x10,0x05,0x33,0x24,0x56,0x77,0
x21,0x04,0x87,0x01
   41 00000068 00000000 
              00000000         AREA             dATASEG, DATA, READWRITE
   42 00000000 00000000 
                       RESULT  DCD              0x0
   43 00000004                 END
Command Line: --debug --xref --cpu=Cortex-M3 --apcs=interwork --depend=Lab5Q1.d
 -oLab5Q1.o -IC:\Keil\ARM\RV31\INC -IC:\Keil\ARM\CMSIS\Include -IC:\Keil\ARM\In
c\NXP\LPC17xx --predefine="__EVAL SETA 1" --list=Lab5Q1.lst Lab5Q1.s



ARM Macro Assembler    Page 1 Alphabetic symbol ordering
Relocatable symbols

__Vectors 00000000

Symbol: __Vectors
   Definitions
      At line 3 in file Lab5Q1.s
   Uses
      At line 2 in file Lab5Q1.s
Comment: __Vectors used once
reset 00000000

Symbol: reset
   Definitions
      At line 1 in file Lab5Q1.s
   Uses
      None
Comment: reset unused
2 symbols



ARM Macro Assembler    Page 1 Alphabetic symbol ordering
Relocatable symbols

INNER_LOOP 00000014

Symbol: INNER_LOOP
   Definitions
      At line 19 in file Lab5Q1.s
   Uses
      At line 28 in file Lab5Q1.s
Comment: INNER_LOOP used once
LIST 00000040

Symbol: LIST
   Definitions
      At line 40 in file Lab5Q1.s
   Uses
      At line 14 in file Lab5Q1.s
Comment: LIST used once
NOT_LESS 00000022

Symbol: NOT_LESS
   Definitions
      At line 26 in file Lab5Q1.s
   Uses
      At line 23 in file Lab5Q1.s
Comment: NOT_LESS used once
OUTER_LOOP 00000008

Symbol: OUTER_LOOP
   Definitions
      At line 13 in file Lab5Q1.s
   Uses
      At line 37 in file Lab5Q1.s
Comment: OUTER_LOOP used once
Reset_Handler 00000000

Symbol: Reset_Handler
   Definitions
      At line 10 in file Lab5Q1.s
   Uses
      At line 5 in file Lab5Q1.s
      At line 8 in file Lab5Q1.s

STOP 0000003C

Symbol: STOP
   Definitions
      At line 38 in file Lab5Q1.s
   Uses
      At line 39 in file Lab5Q1.s
Comment: STOP used once
mycode 00000000

Symbol: mycode
   Definitions
      At line 7 in file Lab5Q1.s
   Uses
      None
Comment: mycode unused
7 symbols



ARM Macro Assembler    Page 1 Alphabetic symbol ordering
Relocatable symbols

RESULT 00000000

Symbol: RESULT
   Definitions
      At line 42 in file Lab5Q1.s
   Uses
      At line 29 in file Lab5Q1.s
Comment: RESULT used once
dATASEG 00000000

Symbol: dATASEG
   Definitions
      At line 41 in file Lab5Q1.s
   Uses
      None
Comment: dATASEG unused
2 symbols
344 symbols in table
