


ARM Macro Assembler    Page 1 


    1 00000000                 AREA             RESET, DATA, READONLY
    2 00000000                 EXPORT           __Vectors
    3 00000000         __Vectors
    4 00000000 10001000        DCD              0X10001000
    5 00000004 00000000        DCD              Reset_Handler
    6 00000008                 AREA             SortArray, CODE, READONLY
    7 00000000                 ENTRY
    8 00000000                 EXPORT           Reset_Handler
    9 00000000         Reset_Handler
   10 00000000 4818            LDR              R0, =SRC    ;
   11 00000002 4919            LDR              R1, =ARR    ;
   12 00000004 F04F 0306       MOV              R3, #N      ;
   13 00000008 F04F 0AFF       MOV              R10, #0XFF  ;
   14 0000000C         LOOP
   15 0000000C F850 4B04       LDR              R4, [R0], #4 ;
   16 00000010 F841 4B04       STR              R4, [R1], #4 ;
   17 00000014 F1A3 0301       SUB              R3, #1      ;
   18 00000018 F093 0F00       TEQ              R3, #0      ;
   19 0000001C D1F6            BNE              LOOP
   20 0000001E F8C1 A000       STR              R10, [R1]   ;
   21 00000022 4811            LDR              R0, =ARR    ;
   22 00000024 F04F 054E       MOV              R5, #78     ;
   23 00000028 F04F 0300       MOV              R3, #0      ;
   24 0000002C F04F 0406       MOV              R4, #N      ;
   25 00000030         SEARCH
   26 00000030 F850 2B04       LDR              R2, [R0], #4 ;
   27 00000034 42AA            CMP              R2, R5      ;
   28 00000036 D007            BEQ              STOP
   29 00000038 F103 0301       ADD              R3, #1      ;
   30 0000003C F1A4 0401       SUB              R4, #1      ;
   31 00000040 F094 0F00       TEQ              R4, #0      ;
   32 00000044 D000            BEQ              STOP
   33 00000046 E7F3            B                SEARCH
   34 00000048         STOP
   35 00000048 600B            STR              R3, [R1]    ;
   36 0000004A E7FD            B                STOP
   37 0000004C         
   38 0000004C 00000006 
                       N       EQU              6
   39 0000004C 00000001 
              00000002 
              00000003 
              0000002D 
              00000006 
              0000004E SRC     DCD              1,2,3,45,6,78
   40 00000064 00000000 
              00000000 
              00000000         AREA             DATASEG, DATA, READWRITE
   41 00000000 00000000 
                       ARR     DCD              0
   42 00000004                 END
Command Line: --debug --xref --cpu=Cortex-M3 --apcs=interwork --depend=lab5_3.d
 -olab5_3.o -IC:\Keil\ARM\RV31\INC -IC:\Keil\ARM\CMSIS\Include -IC:\Keil\ARM\In
c\NXP\LPC17xx --predefine="__EVAL SETA 1" --list=lab5_3.lst lab5_3.s



ARM Macro Assembler    Page 1 Alphabetic symbol ordering
Relocatable symbols

RESET 00000000

Symbol: RESET
   Definitions
      At line 1 in file lab5_3.s
   Uses
      None
Comment: RESET unused
__Vectors 00000000

Symbol: __Vectors
   Definitions
      At line 3 in file lab5_3.s
   Uses
      At line 2 in file lab5_3.s
Comment: __Vectors used once
2 symbols



ARM Macro Assembler    Page 1 Alphabetic symbol ordering
Relocatable symbols

LOOP 0000000C

Symbol: LOOP
   Definitions
      At line 14 in file lab5_3.s
   Uses
      At line 19 in file lab5_3.s
Comment: LOOP used once
Reset_Handler 00000000

Symbol: Reset_Handler
   Definitions
      At line 9 in file lab5_3.s
   Uses
      At line 5 in file lab5_3.s
      At line 8 in file lab5_3.s

SEARCH 00000030

Symbol: SEARCH
   Definitions
      At line 25 in file lab5_3.s
   Uses
      At line 33 in file lab5_3.s
Comment: SEARCH used once
SRC 0000004C

Symbol: SRC
   Definitions
      At line 39 in file lab5_3.s
   Uses
      At line 10 in file lab5_3.s
Comment: SRC used once
STOP 00000048

Symbol: STOP
   Definitions
      At line 34 in file lab5_3.s
   Uses
      At line 28 in file lab5_3.s
      At line 32 in file lab5_3.s
      At line 36 in file lab5_3.s

SortArray 00000000

Symbol: SortArray
   Definitions
      At line 6 in file lab5_3.s
   Uses
      None
Comment: SortArray unused
6 symbols



ARM Macro Assembler    Page 1 Alphabetic symbol ordering
Relocatable symbols

ARR 00000000

Symbol: ARR
   Definitions
      At line 41 in file lab5_3.s
   Uses
      At line 11 in file lab5_3.s
      At line 21 in file lab5_3.s

DATASEG 00000000

Symbol: DATASEG
   Definitions
      At line 40 in file lab5_3.s
   Uses
      None
Comment: DATASEG unused
2 symbols



ARM Macro Assembler    Page 1 Alphabetic symbol ordering
Absolute symbols

N 00000006

Symbol: N
   Definitions
      At line 38 in file lab5_3.s
   Uses
      At line 12 in file lab5_3.s
      At line 24 in file lab5_3.s

1 symbol
344 symbols in table
