


ARM Macro Assembler    Page 1 


    1 00000000                 AREA             RESET, DATA, READONLY
    2 00000000                 EXPORT           __Vectors
    3 00000000         __Vectors
    4 00000000 10001000        DCD              0x10001000
    5 00000004 00000000        DCD              Reset_Handler
    6 00000008                 ALIGN
    7 00000008                 AREA             mycode, code, Readonly
    8 00000000                 ENTRY
    9 00000000                 EXPORT           Reset_Handler
   10 00000000         Reset_Handler
   11 00000000 F04F 0400       MOV              R4, #0
   12 00000004 F04F 010A       MOV              R1, #10
   13 00000008 481D            LDR              R0, =LIST
   14 0000000A 4A1E            LDR              R2, =RESULT
   15 0000000C         UP
   16 0000000C 5903            LDR              R3, [R0,R4]
   17 0000000E 5113            STR              R3, [R2,R4]
   18 00000010 F104 0404       ADD              R4, #04
   19 00000014 F1A1 0101       SUB              R1,#01
   20 00000018 2900            CMP              R1,#00
   21 0000001A D8F7            BHI              UP
   22 0000001C 4819            LDR              R0, =RESULT
   23 0000001E F04F 030A       MOV              R3, #10
   24 00000022 4699            MOV              R9, R3
   25 00000024         
   26 00000024         OUTER_LOOP
   27 00000024 4605            MOV              R5, R0
   28 00000026 46A8            MOV              R8, R5
   29 00000028 461C            MOV              R4, R3
   30 0000002A         
   31 0000002A         INNER_LOOP
   32 0000002A 682E            LDR              R6, [R5]
   33 0000002C F8D8 7000       LDR              R7, [R8]
   34 00000030 42BE            CMP              R6, R7
   35 00000032 BFB8 46A8       MOVLT            R8, R5
   36 00000036 F105 0504       ADD              R5, #4
   37 0000003A 1E64            SUBS             R4, R4, #1
   38 0000003C D1F5            BNE              INNER_LOOP
   39 0000003E 6806            LDR              R6, [R0]
   40 00000040 F8D8 7000       LDR              R7, [R8]
   41 00000044 6007            STR              R7, [R0]
   42 00000046 F8C8 6000       STR              R6, [R8]
   43 0000004A F100 0004       ADD              R0, #4
   44 0000004E F1A3 0301       SUB              R3, #1
   45 00000052 F1B9 0901       SUBS             R9, R9, #1
   46 00000056 D1E5            BNE              OUTER_LOOP
   47 00000058         
   48 00000058 00000005 
              00000012 
              00000033 
              00000028 
              00000032 
              000000AB 
              00000006 
              00000008 
              00000095 
              00000003 LIST    DCD              0x05, 0x12, 0x33, 0x28, 0x32, 0
xab, 0x06, 0x08, 0x95, 0x03
   49 00000080 00000000 



ARM Macro Assembler    Page 2 


              00000000 
              00000000         AREA             data1, DATA, READWRITE
   50 00000000 00 00 00 
              00 00 00 
              00 00 00 
              00 00 00 
              00 00 00 
              00 00 00 
              00 00    RESULT  DCW              0, 0, 0, 0, 0, 0, 0, 0, 0, 0
   51 00000014                 END
Command Line: --debug --xref --cpu=Cortex-M3 --apcs=interwork --depend=lab5_22.
d -olab5_22.o -IC:\Keil\ARM\RV31\INC -IC:\Keil\ARM\CMSIS\Include -IC:\Keil\ARM\
Inc\NXP\LPC17xx --predefine="__EVAL SETA 1" --list=lab5_22.lst lab5_22.s



ARM Macro Assembler    Page 1 Alphabetic symbol ordering
Relocatable symbols

RESET 00000000

Symbol: RESET
   Definitions
      At line 1 in file lab5_22.s
   Uses
      None
Comment: RESET unused
__Vectors 00000000

Symbol: __Vectors
   Definitions
      At line 3 in file lab5_22.s
   Uses
      At line 2 in file lab5_22.s
Comment: __Vectors used once
2 symbols



ARM Macro Assembler    Page 1 Alphabetic symbol ordering
Relocatable symbols

INNER_LOOP 0000002A

Symbol: INNER_LOOP
   Definitions
      At line 31 in file lab5_22.s
   Uses
      At line 38 in file lab5_22.s
Comment: INNER_LOOP used once
LIST 00000058

Symbol: LIST
   Definitions
      At line 48 in file lab5_22.s
   Uses
      At line 13 in file lab5_22.s
Comment: LIST used once
OUTER_LOOP 00000024

Symbol: OUTER_LOOP
   Definitions
      At line 26 in file lab5_22.s
   Uses
      At line 46 in file lab5_22.s
Comment: OUTER_LOOP used once
Reset_Handler 00000000

Symbol: Reset_Handler
   Definitions
      At line 10 in file lab5_22.s
   Uses
      At line 5 in file lab5_22.s
      At line 9 in file lab5_22.s

UP 0000000C

Symbol: UP
   Definitions
      At line 15 in file lab5_22.s
   Uses
      At line 21 in file lab5_22.s
Comment: UP used once
mycode 00000000

Symbol: mycode
   Definitions
      At line 7 in file lab5_22.s
   Uses
      None
Comment: mycode unused
6 symbols



ARM Macro Assembler    Page 1 Alphabetic symbol ordering
Relocatable symbols

RESULT 00000000

Symbol: RESULT
   Definitions
      At line 50 in file lab5_22.s
   Uses
      At line 14 in file lab5_22.s
      At line 22 in file lab5_22.s

data1 00000000

Symbol: data1
   Definitions
      At line 49 in file lab5_22.s
   Uses
      None
Comment: data1 unused
2 symbols
343 symbols in table
